# JRE version: OpenJDK Runtime Environment (17.0.6) (build 17.0.6+0-b2043.56-10027231)
# Java VM: OpenJDK 64-Bit Server VM (17.0.6+0-b2043.56-10027231, mixed mode, tiered, compressed oops, compressed class ptrs, g1 gc, windows-amd64)
GC Precious Log:
 CPUs: 4 total, 4 available
 Memory: 16263M
 Large Page Support: Disabled
 NUMA Support: Disabled
 Compressed Oops: Enabled (32-bit)
 Heap Region Size: 1M
 Heap Min Capacity: 8M
 Heap Initial Capacity: 256M
 Heap Max Capacity: 2G
 Pre-touch: Disabled
 Parallel Workers: 4
 Concurrent Workers: 1
 Concurrent Refinement Workers: 4
 Periodic GC: Disabled
Heap:
 garbage-first heap   total 372736K, used 196342K [0x0000000080000000, 0x0000000100000000)
  region size 1024K, 47 young (48128K), 15 survivors (15360K)
 Metaspace       used 116214K, committed 117056K, reserved 1155072K
  class space    used 15118K, committed 15552K, reserved 1048576K
GC Heap History (20 events):
Event: 26.663 GC heap before
{Heap before GC invocations=36 (full 0):
 garbage-first heap   total 193536K, used 131843K [0x0000000080000000, 0x0000000100000000)
  region size 1024K, 35 young (35840K), 6 survivors (6144K)
 Metaspace       used 95153K, committed 95808K, reserved 1138688K
  class space    used 12869K, committed 13184K, reserved 1048576K
}
Event: 26.770 GC heap after
{Heap after GC invocations=37 (full 0):
 garbage-first heap   total 372736K, used 114373K [0x0000000080000000, 0x0000000100000000)
  region size 1024K, 5 young (5120K), 5 survivors (5120K)
 Metaspace       used 95153K, committed 95808K, reserved 1138688K
  class space    used 12869K, committed 13184K, reserved 1048576K
}
Event: 27.207 GC heap before
{Heap before GC invocations=37 (full 0):
 garbage-first heap   total 372736K, used 137925K [0x0000000080000000, 0x0000000100000000)
  region size 1024K, 18 young (18432K), 5 survivors (5120K)
 Metaspace       used 95527K, committed 96256K, reserved 1138688K
  class space    used 12904K, committed 13248K, reserved 1048576K
}
Event: 27.223 GC heap after
{Heap after GC invocations=38 (full 0):
 garbage-first heap   total 372736K, used 117030K [0x0000000080000000, 0x0000000100000000)
  region size 1024K, 3 young (3072K), 3 survivors (3072K)
 Metaspace       used 95527K, committed 96256K, reserved 1138688K
  class space    used 12904K, committed 13248K, reserved 1048576K
}
Event: 29.451 GC heap before
{Heap before GC invocations=38 (full 0):
 garbage-first heap   total 372736K, used 246054K [0x0000000080000000, 0x0000000100000000)
  region size 1024K, 102 young (104448K), 3 survivors (3072K)
 Metaspace       used 98142K, committed 98880K, reserved 1138688K
  class space    used 13143K, committed 13504K, reserved 1048576K
}
Event: 29.478 GC heap after
{Heap after GC invocations=39 (full 0):
 garbage-first heap   total 372736K, used 131072K [0x0000000080000000, 0x0000000100000000)
  region size 1024K, 13 young (13312K), 13 survivors (13312K)
 Metaspace       used 98142K, committed 98880K, reserved 1138688K
  class space    used 13143K, committed 13504K, reserved 1048576K
}
Event: 31.706 GC heap before
{Heap before GC invocations=39 (full 0):
 garbage-first heap   total 372736K, used 244736K [0x0000000080000000, 0x0000000100000000)
  region size 1024K, 125 young (128000K), 13 survivors (13312K)
 Metaspace       used 101097K, committed 101824K, reserved 1138688K
  class space    used 13409K, committed 13760K, reserved 1048576K
}
Event: 31.730 GC heap after
{Heap after GC invocations=40 (full 0):
 garbage-first heap   total 372736K, used 134769K [0x0000000080000000, 0x0000000100000000)
  region size 1024K, 4 young (4096K), 4 survivors (4096K)
 Metaspace       used 101097K, committed 101824K, reserved 1138688K
  class space    used 13409K, committed 13760K, reserved 1048576K
}
Event: 34.286 GC heap before
{Heap before GC invocations=40 (full 0):
 garbage-first heap   total 372736K, used 268913K [0x0000000080000000, 0x0000000100000000)
  region size 1024K, 136 young (139264K), 4 survivors (4096K)
 Metaspace       used 103523K, committed 104256K, reserved 1146880K
  class space    used 13604K, committed 13952K, reserved 1048576K
}
Event: 34.301 GC heap after
{Heap after GC invocations=41 (full 0):
 garbage-first heap   total 372736K, used 139123K [0x0000000080000000, 0x0000000100000000)
  region size 1024K, 9 young (9216K), 9 survivors (9216K)
 Metaspace       used 103523K, committed 104256K, reserved 1146880K
  class space    used 13604K, committed 13952K, reserved 1048576K
}
Event: 39.492 GC heap before
{Heap before GC invocations=41 (full 0):
 garbage-first heap   total 372736K, used 280435K [0x0000000080000000, 0x0000000100000000)
  region size 1024K, 148 young (151552K), 9 survivors (9216K)
 Metaspace       used 105707K, committed 106432K, reserved 1146880K
  class space    used 13849K, committed 14208K, reserved 1048576K
}
Event: 39.516 GC heap after
{Heap after GC invocations=42 (full 0):
 garbage-first heap   total 372736K, used 149498K [0x0000000080000000, 0x0000000100000000)
  region size 1024K, 19 young (19456K), 19 survivors (19456K)
 Metaspace       used 105707K, committed 106432K, reserved 1146880K
  class space    used 13849K, committed 14208K, reserved 1048576K
}
Event: 40.041 GC heap before
{Heap before GC invocations=42 (full 0):
 garbage-first heap   total 372736K, used 208890K [0x0000000080000000, 0x0000000100000000)
  region size 1024K, 27 young (27648K), 19 survivors (19456K)
 Metaspace       used 106544K, committed 107328K, reserved 1146880K
  class space    used 13979K, committed 14336K, reserved 1048576K
}
Event: 40.062 GC heap after
{Heap after GC invocations=43 (full 0):
 garbage-first heap   total 372736K, used 157634K [0x0000000080000000, 0x0000000100000000)
  region size 1024K, 3 young (3072K), 3 survivors (3072K)
 Metaspace       used 106544K, committed 107328K, reserved 1146880K
  class space    used 13979K, committed 14336K, reserved 1048576K
}
Event: 303.207 GC heap before
{Heap before GC invocations=43 (full 0):
 garbage-first heap   total 372736K, used 325570K [0x0000000080000000, 0x0000000100000000)
  region size 1024K, 136 young (139264K), 3 survivors (3072K)
 Metaspace       used 108298K, committed 109056K, reserved 1146880K
  class space    used 14150K, committed 14528K, reserved 1048576K
}
Event: 303.256 GC heap after
{Heap after GC invocations=44 (full 0):
 garbage-first heap   total 372736K, used 156968K [0x0000000080000000, 0x0000000100000000)
  region size 1024K, 8 young (8192K), 8 survivors (8192K)
 Metaspace       used 108298K, committed 109056K, reserved 1146880K
  class space    used 14150K, committed 14528K, reserved 1048576K
}
Event: 308.611 GC heap before
{Heap before GC invocations=44 (full 0):
 garbage-first heap   total 372736K, used 281896K [0x0000000080000000, 0x0000000100000000)
  region size 1024K, 94 young (96256K), 8 survivors (8192K)
 Metaspace       used 108502K, committed 109312K, reserved 1146880K
  class space    used 14154K, committed 14528K, reserved 1048576K
}
Event: 308.631 GC heap after
{Heap after GC invocations=45 (full 0):
 garbage-first heap   total 372736K, used 173157K [0x0000000080000000, 0x0000000100000000)
  region size 1024K, 14 young (14336K), 14 survivors (14336K)
 Metaspace       used 108502K, committed 109312K, reserved 1146880K
  class space    used 14154K, committed 14528K, reserved 1048576K
}
Event: 1178.694 GC heap before
{Heap before GC invocations=45 (full 0):
 garbage-first heap   total 372736K, used 314469K [0x0000000080000000, 0x0000000100000000)
  region size 1024K, 138 young (141312K), 14 survivors (14336K)
 Metaspace       used 109645K, committed 110400K, reserved 1146880K
  class space    used 14279K, committed 14656K, reserved 1048576K
}
Event: 1178.756 GC heap after
{Heap after GC invocations=46 (full 0):
 garbage-first heap   total 372736K, used 165622K [0x0000000080000000, 0x0000000100000000)
  region size 1024K, 15 young (15360K), 15 survivors (15360K)
 Metaspace       used 109645K, committed 110400K, reserved 1146880K
  class space    used 14279K, committed 14656K, reserved 1048576K
}

